[Message:   BepInEx] BepInEx 5.4.17.0 - valheim (3/23/2021 5:28:55 AM)
[Info   :   BepInEx] Running under Unity v2019.4.20.7197120
[Info   :   BepInEx] CLR runtime version: 4.0.30319.42000
[Info   :   BepInEx] Supports SRE: True
[Info   :   BepInEx] System platform: Bits64, Windows
[Message:   BepInEx] Preloader started
[Info   :   BepInEx] Loaded 1 patcher method from [BepInEx.Preloader 5.4.17.0]
[Info   :   BepInEx] Loaded 1 patcher method from [BepInEx.MonoMod.HookGenPatcher 1.2.0.0]
[Info   :   BepInEx] 2 patcher plugins loaded
[Info   :HookGenPatcher] Previous MMHOOK location found. Using that location to save instead.
[Info   :HookGenPatcher] Already ran for this version, reusing that file.
[Info   :HookGenPatcher] Previous MMHOOK location found. Using that location to save instead.
[Info   :HookGenPatcher] Already ran for this version, reusing that file.
[Info   :HookGenPatcher] Previous MMHOOK location found. Using that location to save instead.
[Info   :HookGenPatcher] Already ran for this version, reusing that file.
[Info   :HookGenPatcher] Previous MMHOOK location found. Using that location to save instead.
[Info   :HookGenPatcher] Already ran for this version, reusing that file.
[Info   :HookGenPatcher] Previous MMHOOK location found. Using that location to save instead.
[Info   :HookGenPatcher] Already ran for this version, reusing that file.
[Info   :HookGenPatcher] Previous MMHOOK location found. Using that location to save instead.
[Info   :HookGenPatcher] Already ran for this version, reusing that file.
[Info   :HookGenPatcher] Previous MMHOOK location found. Using that location to save instead.
[Info   :HookGenPatcher] Already ran for this version, reusing that file.
[Info   :HookGenPatcher] Previous MMHOOK location found. Using that location to save instead.
[Info   :HookGenPatcher] Already ran for this version, reusing that file.
[Info   :HookGenPatcher] Previous MMHOOK location found. Using that location to save instead.
[Info   :HookGenPatcher] Already ran for this version, reusing that file.
[Info   :   BepInEx] Patching [UnityEngine.CoreModule] with [BepInEx.Chainloader]
[Message:   BepInEx] Preloader finished
[Message:   BepInEx] Chainloader ready
[Message:   BepInEx] Chainloader started
[Info   :   BepInEx] 24 plugins to load
[Info   :   BepInEx] Loading [Craft From Containers 1.9.0]
[Info   :   BepInEx] Loading [Custom Textures 2.2.0]
[Info   :   BepInEx] Loading [badgers Valheim Skies 0.9.0]
[Info   :   BepInEx] Loading [Jotunn 2.0.12]
[Info   :    Jotunn] Initialized LocalizationManager
[Info   :    Jotunn] Initialized CommandManager
[Info   :    Jotunn] Initialized InputManager
[Info   :    Jotunn] Initialized SkillManager
[Info   :    Jotunn] Initialized PrefabManager
[Info   :    Jotunn] Initialized ItemManager
[Info   :    Jotunn] Initialized PieceManager
[Info   :    Jotunn] Initialized MockManager
[Info   :    Jotunn] Initialized GUIManager
[Info   :    Jotunn] Initialized SynchronizationManager
[Info   :    Jotunn] Jotunn v2.0.12 loaded successfully
[Info   :   BepInEx] Loading [ValheimRAFT 1.1.2]
[Info   :   BepInEx] Loading [CameraMod 0.0.8.7]
[Info   : Unity Log] 1ST FOV:85
[Info   : Unity Log] 3RD FOV:65
[Info   : Unity Log] bowzoomON:False
[Info   : Unity Log] bowzoomFOV:65
[Info   : Unity Log] bowzoomSpeed:2
[Info   : Unity Log] smoothCam: False
[Info   : Unity Log] FPVmouseSensitivityON: False
[Info   : Unity Log] FPVmouseSensitivity: 1
[Info   : Unity Log] LvlUpMove: False
[Info   : Unity Log] slightlyTaller: False
[Info   : Unity Log] DamageText_delay: 1
[Info   : Unity Log] DamageText_size: 28
[Info   : Unity Log] nearClipMin: 0.1
[Info   :   BepInEx] Loading [Configuration Manager 16.1]
[Info   :   BepInEx] Loading [Valheim Quality of Life 1.1.3]
[Info   :   BepInEx] Loading [Better Networking 1.2.2]
[Info   :   BepInEx] Loading [MonsterLabZ 1.7.0]
[Warning: Unity Log] The referenced script (TerrainOp) on this Behaviour is missing!
[Warning: Unity Log] The referenced script on this Behaviour (Game Object 'digg_v3') is missing!
[Info   :   BepInEx] Loading [Better Archery 1.6.2]
[Info   :   BepInEx] Loading [Valheim Combat Overhaul 1.7.6]
[Info   : Unity Log] 07/01/2022 11:35:32: Loaded localization English

[Info   : Unity Log] 07/01/2022 11:35:32: Loaded localization English

[Info   :CombatOverhaul] Loaded localization for English
[Info   :   BepInEx] Loading [MultiCraft 1.0.0]
[Info   :   BepInEx] Loading [BetterUI 2.0.2]
[Info   :   BepInEx] Loading [Star Boss 1.0.0.0]
[Info   :   BepInEx] Loading [Valheim Plus 0.9.9.8]
[Info   :Valheim Plus] Trying to load the configuration file
[Info   : Unity Log] Loading config section AdvancedBuildingMode
[Info   : Unity Log]  Section not enabled
[Info   : Unity Log] Loading config section AdvancedEditingMode
[Info   : Unity Log]  Section not enabled
[Info   : Unity Log] Loading config section Bed
[Info   : Unity Log]  Section not enabled
[Info   : Unity Log] Loading config section Beehive
[Info   : Unity Log]  Section not enabled
[Info   : Unity Log] Loading config section Building
[Info   : Unity Log]  Section not enabled
[Info   : Unity Log] Loading config section Deconstruct
[Info   : Unity Log]  Section not enabled
[Info   : Unity Log] Loading config section Inventory
[Info   : Unity Log]  Section not enabled
[Info   : Unity Log] Loading config section Items
[Info   : Unity Log]  Section not enabled
[Info   : Unity Log] Loading config section Fermenter
[Info   : Unity Log]  Section not enabled
[Info   : Unity Log] Loading config section FireSource
[Info   : Unity Log]  Section not enabled
[Info   : Unity Log] Loading config section Food
[Info   : Unity Log]  Section not enabled
[Info   : Unity Log] Loading config section Smelter
[Info   : Unity Log]  Section not enabled
[Info   : Unity Log] Loading config section Furnace
[Info   : Unity Log]  Section not enabled
[Info   : Unity Log] Loading config section Hotkeys
[Info   : Unity Log]  Section not enabled
[Info   : Unity Log] Loading config section Kiln
[Info   : Unity Log]  Section not enabled
[Info   : Unity Log] Loading config section Windmill
[Info   : Unity Log]  Section not enabled
[Info   : Unity Log] Loading config section SpinningWheel
[Info   : Unity Log]  Section not enabled
[Info   : Unity Log] Loading config section Map
[Info   : Unity Log]  Section not enabled
[Info   : Unity Log] Loading config section Player
[Info   : Unity Log]  Section not enabled
[Info   : Unity Log] Loading config section Server
[Info   : Unity Log]  Loading key maxPlayers
[Info   : Unity Log]  Loading key disableServerPassword
[Info   : Unity Log]  Loading key enforceMod
[Info   : Unity Log]  Loading key serverSyncsConfig
[Info   : Unity Log]  Loading key serverSyncHotkeys
[Info   : Unity Log] Loading config section Stamina
[Info   : Unity Log]  Section not enabled
[Info   : Unity Log] Loading config section StaminaUsage
[Info   : Unity Log]  Section not enabled
[Info   : Unity Log] Loading config section Workbench
[Info   : Unity Log]  Section not enabled
[Info   : Unity Log] Loading config section Time
[Info   : Unity Log]  Section not enabled
[Info   : Unity Log] Loading config section Ward
[Info   : Unity Log]  Section not enabled
[Info   : Unity Log] Loading config section StructuralIntegrity
[Info   : Unity Log]  Section not enabled
[Info   : Unity Log] Loading config section Tameable
[Info   : Unity Log]  Section not enabled
[Info   : Unity Log] Loading config section Hud
[Info   : Unity Log]  Section not enabled
[Info   : Unity Log] Loading config section Experience
[Info   : Unity Log]  Section not enabled
[Info   : Unity Log] Loading config section Camera
[Info   : Unity Log]  Section not enabled
[Info   : Unity Log] Loading config section Game
[Info   : Unity Log]  Section not enabled
[Info   : Unity Log] Loading config section Wagon
[Info   : Unity Log]  Section not enabled
[Info   : Unity Log] Loading config section Gathering
[Info   : Unity Log]  Section not enabled
[Info   : Unity Log] Loading config section Pickable
[Info   : Unity Log]  Section not enabled
[Info   : Unity Log] Loading config section Durability
[Info   : Unity Log]  Section not enabled
[Info   : Unity Log] Loading config section Armor
[Info   : Unity Log]  Section not enabled
[Info   : Unity Log] Loading config section FreePlacementRotation
[Info   : Unity Log]  Section not enabled
[Info   : Unity Log] Loading config section Shields
[Info   : Unity Log]  Section not enabled
[Info   : Unity Log] Loading config section FirstPerson
[Info   : Unity Log]  Section not enabled
[Info   : Unity Log] Loading config section GridAlignment
[Info   : Unity Log]  Section not enabled
[Info   : Unity Log] Loading config section CraftFromChest
[Info   : Unity Log]  Section not enabled
[Info   : Unity Log] Loading config section ValheimPlus
[Info   : Unity Log]  Loading key mainMenuLogo
[Info   : Unity Log]  Loading key serverBrowserAdvertisement
[Info   : Unity Log] Loading config section PlayerProjectile
[Info   : Unity Log]  Section not enabled
[Info   : Unity Log] Loading config section MonsterProjectile
[Info   : Unity Log]  Section not enabled
[Info   : Unity Log] Loading config section GameClock
[Info   : Unity Log]  Section not enabled
[Info   : Unity Log] Loading config section Brightness
[Info   : Unity Log]  Section not enabled
[Info   : Unity Log] Loading config section Chat
[Info   : Unity Log]  Section not enabled
[Info   :Valheim Plus] Configuration file loaded succesfully.
[Warning:  HarmonyX] AccessTools.DeclaredMethod: Could not find method for type SE_Rested and name GetNearbyComfortPieces and parameters 
[Error  : Unity Log] ArgumentException: Undefined target method for patch method static System.Collections.Generic.IEnumerable<HarmonyLib.CodeInstruction> ValheimPlus.SE_Rested_GetNearbyComfortPieces_Transpiler::Transpiler(System.Collections.Generic.IEnumerable<HarmonyLib.CodeInstruction> instructions)
Stack trace:
HarmonyLib.PatchClassProcessor.PatchWithAttributes (System.Reflection.MethodBase& lastOriginal) (at <7f26c0a74c5b43c2a5fc5efd29ec63d6>:0)
HarmonyLib.PatchClassProcessor.Patch () (at <7f26c0a74c5b43c2a5fc5efd29ec63d6>:0)
Rethrow as HarmonyException: Patching exception in method null
HarmonyLib.PatchClassProcessor.ReportException (System.Exception exception, System.Reflection.MethodBase original) (at <7f26c0a74c5b43c2a5fc5efd29ec63d6>:0)
HarmonyLib.PatchClassProcessor.Patch () (at <7f26c0a74c5b43c2a5fc5efd29ec63d6>:0)
HarmonyLib.Harmony.<PatchAll>b__11_0 (System.Type type) (at <7f26c0a74c5b43c2a5fc5efd29ec63d6>:0)
HarmonyLib.CollectionExtensions.Do[T] (System.Collections.Generic.IEnumerable`1[T] sequence, System.Action`1[T] action) (at <7f26c0a74c5b43c2a5fc5efd29ec63d6>:0)
HarmonyLib.Harmony.PatchAll (System.Reflection.Assembly assembly) (at <7f26c0a74c5b43c2a5fc5efd29ec63d6>:0)
HarmonyLib.Harmony.PatchAll () (at <7f26c0a74c5b43c2a5fc5efd29ec63d6>:0)
ValheimPlus.ValheimPlusPlugin.Awake () (at <601179f90b3c4ec5b39969afb62b006b>:0)
UnityEngine.GameObject:AddComponent(Type)
BepInEx.Bootstrap.Chainloader:Start()
UnityEngine.Application:.cctor()

[Info   :   BepInEx] Loading [Display BepInEx Info In-Game 1.1.0]
[Info   :   BepInEx] Loading [Player Trading 1.2.1]
[Info   :   BepInEx] Loading [Extended Item Data Framework 1.0.3]
[Info   :   BepInEx] Loading [Epic Loot 0.8.3]
[Info   :   BepInEx] Loading [Equipment and Quick Slots 2.0.11]
[Info   :   BepInEx] Loading [Skyheim 1.1.1]
[Info   :   BepInEx] Loading [Hold Attack 0.4.2]
[Info   :   BepInEx] Loading [Trash Items Mod 1.2.4]
[Info   :Trash Items Mod] TrashItems Loaded!
[Message:   BepInEx] Chainloader startup complete
[Info   : Unity Log] 07/01/2022 11:35:39: Starting to load scene:start

[Info   :    Jotunn] Applying patches in ModCompatibility.InitPatch
[Info   :    Jotunn] Applying patches in PlayerPatches.Init
[Info   :    Jotunn] Applying patches in ZNetPatches.Init
[Info   :    Jotunn] Applying patches in InGameConfig.HookOnSettings
[Info   :    Jotunn] Applying patches in ModCompatibility.InitPatchEarly
[Warning: Unity Log] Only custom filters can be played. Please add a custom filter or an audioclip to the audiosource (Amb_MainMenu).
[Info   : Unity Log] 07/01/2022 11:35:52: Valheim version:0.148.7

[Info   : Unity Log] 07/01/2022 11:35:52: Render threading mode:MultiThreaded

[Info   : Unity Log] 07/01/2022 11:35:52: Using environment steamid 892970

[Info   : Unity Log] 07/01/2022 11:35:52: Using steam APPID:892970

[Info   : Unity Log] 07/01/2022 11:35:53: Authentication:k_ESteamNetworkingAvailability_Attempting

[Info   : Unity Log] 07/01/2022 11:35:53: Steam initialized, persona:Trunn

[Warning: Unity Log] 07/01/2022 11:35:53: Missing audio clip in music respawn

[Info   : Unity Log] 07/01/2022 11:35:53: Checking for installed DLCs

[Info   : Unity Log] 07/01/2022 11:35:53: DLC installed:1515960

[Info   : Unity Log] 07/01/2022 11:35:53: DLC:beta installed:True

[Info   : Unity Log] CustomTextures Clutter system awake
[Info   : Unity Log] CustomTextures Checking 17 clutters
[Info   : Unity Log] CustomTextures 
object instanced_meadows_grass, InstanceRenderer instanced_meadows_grass, material grasscross_meadows, texture grass_meadows, using texture_grass_meadows_MainTex.png for _MainTex.
loading custom texture for texture_grass_meadows_MainTex 0 layers
loading custom texture file for texture_grass_meadows_MainTex
object instanced_meadows_grass, InstanceRenderer instanced_meadows_grass, material grasscross_meadows, texture grass_terrain_color, using texture_grass_terrain_color_TerrainColorTex.png for _TerrainColorTex.
loading custom texture for texture_grass_terrain_color_TerrainColorTex 0 layers
loading custom texture file for texture_grass_terrain_color_TerrainColorTex
object instanced_shrub, InstanceRenderer instanced_shrub, material clutter_shrub, texture clutter_shrub, using texture_clutter_shrub_MainTex.png for _MainTex.
loading custom texture for texture_clutter_shrub_MainTex 0 layers
loading custom texture file for texture_clutter_shrub_MainTex
object instanced_shrub, InstanceRenderer instanced_shrub, material clutter_shrub, texture clutter_shrub_n, using texture_clutter_shrub_n_BumpMap.png for _BumpMap.
loading custom texture for texture_clutter_shrub_n_BumpMap 0 layers
loading custom texture file for texture_clutter_shrub_n_BumpMap
object clutter_shrub_large, MeshRenderer shrub, material clutter_shrub (Instance), texture clutter_shrub, using texture_clutter_shrub_MainTex.png for _MainTex.
loading cached texture for texture_clutter_shrub_MainTex
object clutter_shrub_large, MeshRenderer shrub, material clutter_shrub (Instance), texture clutter_shrub_n, using texture_clutter_shrub_n_BumpMap.png for _BumpMap.
loading cached texture for texture_clutter_shrub_n_BumpMap
object instanced_forest_groundcover_brown, InstanceRenderer instanced_forest_groundcover_brown, material grasscross_forest_brown, texture forest_groundcover_brown, using texture_forest_groundcover_brown_MainTex.png for _MainTex.
loading custom texture for texture_forest_groundcover_brown_MainTex 0 layers
loading custom texture file for texture_forest_groundcover_brown_MainTex
object instanced_forest_groundcover, InstanceRenderer instanced_forest_groundcover, material grasscross_forest, texture forest_groundcover, using texture_forest_groundcover_MainTex.png for _MainTex.
loading custom texture for texture_forest_groundcover_MainTex 0 layers
loading custom texture file for texture_forest_groundcover_MainTex
object instanced_swamp_grass, InstanceRenderer instanced_swamp_grass, material grasscross_swamp, texture grass_toon1_yellow, using texture_grass_toon1_yellow_MainTex.png for _MainTex.
loading custom texture for texture_grass_toon1_yellow_MainTex 0 layers
loading custom texture file for texture_grass_toon1_yellow_MainTex
object instanced_heathgrass, InstanceRenderer instanced_heathgrass, material grasscross_heath, texture grass_heath, using texture_grass_heath_MainTex.png for _MainTex.
loading custom texture for texture_grass_heath_MainTex 0 layers
loading custom texture file for texture_grass_heath_MainTex
object instanced_meadows_grass_short, InstanceRenderer instanced_meadows_grass_short, material grasscross_meadows_short, texture grass_meadows_short, using texture_grass_meadows_short_MainTex.png for _MainTex.
loading custom texture for texture_grass_meadows_short_MainTex 0 layers
loading custom texture file for texture_grass_meadows_short_MainTex
object instanced_meadows_grass_short, InstanceRenderer instanced_meadows_grass_short, material grasscross_meadows_short, texture grass_terrain_color, using texture_grass_terrain_color_TerrainColorTex.png for _TerrainColorTex.
loading cached texture for texture_grass_terrain_color_TerrainColorTex
object instanced_heathflowers, InstanceRenderer instanced_heathflowers, material grasscross_heath_flower, texture grass_heath_redflower, using texture_grass_heath_redflower_MainTex.png for _MainTex.
loading custom texture for texture_grass_heath_redflower_MainTex 0 layers
loading custom texture file for texture_grass_heath_redflower_MainTex
object instanced_swamp_ormbunke, InstanceRenderer instanced_swamp_ormbunke, material ormbunke_yellow, texture autumn_ormbunke_swamp, using texture_autumn_ormbunke_swamp_MainTex.png for _MainTex.
loading custom texture for texture_autumn_ormbunke_swamp_MainTex 0 layers
loading custom texture file for texture_autumn_ormbunke_swamp_MainTex
object instanced_swamp_ormbunke, InstanceRenderer instanced_swamp_ormbunke, material ormbunke_yellow, texture autumn_ormbunke_green_n, using texture_autumn_ormbunke_green_n_BumpMap.png for _BumpMap.
loading custom texture for texture_autumn_ormbunke_green_n_BumpMap 0 layers
loading custom texture file for texture_autumn_ormbunke_green_n_BumpMap
object instanced_ormbunke, InstanceRenderer instanced_ormbunke, material ormbunke, texture autumn_ormbunke_green, using texture_autumn_ormbunke_green_MainTex.png for _MainTex.
loading custom texture for texture_autumn_ormbunke_green_MainTex 0 layers
loading custom texture file for texture_autumn_ormbunke_green_MainTex
object instanced_ormbunke, InstanceRenderer instanced_ormbunke, material ormbunke, texture autumn_ormbunke_green_n, using texture_autumn_ormbunke_green_n_BumpMap.png for _BumpMap.
loading cached texture for texture_autumn_ormbunke_green_n_BumpMap
object instanced_ormbunke, InstanceRenderer instanced_ormbunke, material ormbunke, texture autumn_ormbunke_green, using texture_autumn_ormbunke_green_MainTex.png for _MainTex.
loading cached texture for texture_autumn_ormbunke_green_MainTex
object instanced_ormbunke, InstanceRenderer instanced_ormbunke, material ormbunke, texture autumn_ormbunke_green_n, using texture_autumn_ormbunke_green_n_BumpMap.png for _BumpMap.
loading cached texture for texture_autumn_ormbunke_green_n_BumpMap
object instanced_vass, InstanceRenderer instanced_vass, material vass, texture vass_texture01, using texture_vass_texture01_MainTex.png for _MainTex.
loading custom texture for texture_vass_texture01_MainTex 0 layers
loading custom texture file for texture_vass_texture01_MainTex
object instanced_waterlilies, InstanceRenderer instanced_waterlilies, material clutter_waterlilies, texture waterlilies, using texture_waterlilies_MainTex.png for _MainTex.
loading custom texture for texture_waterlilies_MainTex 0 layers
loading custom texture file for texture_waterlilies_MainTex
object instanced_waterlilies, InstanceRenderer instanced_waterlilies, material clutter_waterlilies, texture waterlilies_n, using texture_waterlilies_n_BumpMap.png for _BumpMap.
loading custom texture for texture_waterlilies_n_BumpMap 0 layers
loading custom texture file for texture_waterlilies_n_BumpMap
[Info   : Unity Log] CustomTextures Clutter System RunTime 00:00:00.76
[Info   :Jotunn.Managers.LocalizationManager] ---- Loading custom localizations ----
[Info   :Jotunn.Managers.LocalizationManager] Added json language file: valheimraft.json
[Info   : Unity Log] 07/01/2022 11:35:54: Loaded localization English

[Info   :Jotunn.Managers.LocalizationManager] ---- Adding tokens for language 'English' ----
[Info   : Unity Log] [PrefabCreator] Added recipe: Recipe_LeatherQuiver
[Info   : Unity Log] [PrefabCreator] Added recipe: Recipe_ArrowWoodAnywhere
[Info   : Unity Log] [PrefabCreator] Added recipe: Recipe_FireArrowTransform
[Info   : Unity Log] [PrefabCreator] Added recipe: Recipe_PoisonArrowTransform
[Info   : Unity Log] [PrefabCreator] Added recipe: Recipe_SilverArrowTransform
[Info   : Unity Log] [PrefabCreator] Added recipe: Recipe_FrostArrowTransform
[Info   : Unity Log] [PrefabCreator] Added recipe: Recipe_LeatherBelt
[Info   : Unity Log] [PrefabCreator] Added recipe: Recipe_SilverRing
[Info   : Unity Log] [PrefabCreator] Added recipe: Recipe_GoldRubyRing
[Info   : Unity Log] [PrefabCreator] Added recipe: Recipe_ShardRareUpgrade
[Info   : Unity Log] [PrefabCreator] Added recipe: Recipe_ShardEpicUpgrade
[Info   : Unity Log] [PrefabCreator] Added recipe: Recipe_ShardLegendaryUpgrade
[Info   : Unity Log] [PrefabCreator] Added recipe: Recipe_DustRareUpgrade
[Info   : Unity Log] [PrefabCreator] Added recipe: Recipe_DustEpicUpgrade
[Info   : Unity Log] [PrefabCreator] Added recipe: Recipe_DustLegendaryUpgrade
[Info   : Unity Log] [PrefabCreator] Added recipe: Recipe_ReagentRareUpgrade
[Info   : Unity Log] [PrefabCreator] Added recipe: Recipe_ReagentEpicUpgrade
[Info   : Unity Log] [PrefabCreator] Added recipe: Recipe_ReagentLegendaryUpgrade
[Info   : Unity Log] [PrefabCreator] Added recipe: Recipe_EssenceRareUpgrade
[Info   : Unity Log] [PrefabCreator] Added recipe: Recipe_EssenceEpicUpgrade
[Info   : Unity Log] [PrefabCreator] Added recipe: Recipe_EssenceLegendaryUpgrade
[Info   : Unity Log] [PrefabCreator] Added recipe: Recipe_RunestoneRareUpgrade
[Info   : Unity Log] [PrefabCreator] Added recipe: Recipe_RunestoneEpicUpgrade
[Info   : Unity Log] [PrefabCreator] Added recipe: Recipe_RunestoneLegendaryUpgrade
[Info   : Unity Log] [PrefabCreator] Added recipe: Recipe_MagicShardToDust_Conversion
[Info   : Unity Log] [PrefabCreator] Added recipe: Recipe_MagicShardToEssence_Conversion
[Info   : Unity Log] [PrefabCreator] Added recipe: Recipe_MagicShardToReagent_Conversion
[Info   : Unity Log] [PrefabCreator] Added recipe: Recipe_RareShardToDust_Conversion
[Info   : Unity Log] [PrefabCreator] Added recipe: Recipe_RareShardToEssence_Conversion
[Info   : Unity Log] [PrefabCreator] Added recipe: Recipe_RareShardToReagent_Conversion
[Info   : Unity Log] [PrefabCreator] Added recipe: Recipe_EpicShardToDust_Conversion
[Info   : Unity Log] [PrefabCreator] Added recipe: Recipe_EpicShardToEssence_Conversion
[Info   : Unity Log] [PrefabCreator] Added recipe: Recipe_EpicShardToReagent_Conversion
[Info   : Unity Log] [PrefabCreator] Added recipe: Recipe_LegendaryShardToDust_Conversion
[Info   : Unity Log] [PrefabCreator] Added recipe: Recipe_LegendaryShardToEssence_Conversion
[Info   : Unity Log] [PrefabCreator] Added recipe: Recipe_LegendaryShardToReagent_Conversion
[Info   : Unity Log] [PrefabCreator] Added recipe: Recipe_BoneSkeletonTrophy
[Info   : Unity Log] [PrefabCreator] Added recipe: Recipe_EyeGreydwarfTrophy
[Info   : Unity Log] [PrefabCreator] Added recipe: Recipe_AntlerDeerTrophy
[Info   : Unity Log] [PrefabCreator] Added recipe: Recipe_HideTrollTrophy
[Info   : Unity Log] [PrefabCreator] Added recipe: Recipe_CoreSurtlingTrophy
[Info   : Unity Log] [PrefabCreator] Added recipe: Recipe_FreezeGlandDrakeTrophy
[Info   : Unity Log] [PrefabCreator] Added recipe: Recipe_DragonTearRunestone
[Info   : Unity Log] [PrefabCreator] Added recipe: Recipe_YagluthThingRunestone
[Info   : Unity Log] CustomTextures SetupObjectDB postfix
[Info   : Unity Log] CustomTextures Replacing textures for 481 objects
[Info   : Unity Log] CustomTextures 
object ArmorRagsChest, MeshRenderer log, material Rags (Instance), texture (Wood 26) tree bark seamless texture 2048x2048, using texture_(Wood 26) tree bark seamless texture 2048x2048_MainTex.png for _MainTex.
loading custom texture for texture_(Wood 26) tree bark seamless texture 2048x2048_MainTex 0 layers
loading custom texture file for texture_(Wood 26) tree bark seamless texture 2048x2048_MainTex
object ArmorRagsLegs, MeshRenderer log, material Rags (Instance), texture (Wood 26) tree bark seamless texture 2048x2048, using texture_(Wood 26) tree bark seamless texture 2048x2048_MainTex.png for _MainTex.
loading cached texture for texture_(Wood 26) tree bark seamless texture 2048x2048_MainTex
object ArmorTrollLeatherChest, MeshRenderer log, material ArmorTrollLeather (Instance), texture (Wood 26) tree bark seamless texture 2048x2048, using texture_(Wood 26) tree bark seamless texture 2048x2048_MainTex.png for _MainTex.
loading cached texture for texture_(Wood 26) tree bark seamless texture 2048x2048_MainTex
object ArmorTrollLeatherLegs, MeshRenderer log, material ArmorTrollLeather (Instance), texture (Wood 26) tree bark seamless texture 2048x2048, using texture_(Wood 26) tree bark seamless texture 2048x2048_MainTex.png for _MainTex.
loading cached texture for texture_(Wood 26) tree bark seamless texture 2048x2048_MainTex
object ArrowNeedle, MeshRenderer mesh, material deathsquito_needle (Instance), texture neck_n, using texture_neck_n_BumpMap.png for _BumpMap.
loading custom texture for texture_neck_n_BumpMap 0 layers
loading custom texture file for texture_neck_n_BumpMap
object ArrowPoison, ParticleSystemRenderer poisoncloud, material dust_particle (Instance), texture wildfire01, using texture_wildfire01_MainTex.png for _MainTex.
loading custom texture for texture_wildfire01_MainTex 0 layers
loading custom texture file for texture_wildfire01_MainTex
object BeechSeeds, MeshRenderer Sphere (5), material beech_seed (Instance), texture (Wood 26) tree bark seamless texture 2048x2048, using texture_(Wood 26) tree bark seamless texture 2048x2048_MainTex.png for _MainTex.
loading cached texture for texture_(Wood 26) tree bark seamless texture 2048x2048_MainTex
object BeechSeeds, MeshRenderer Sphere (6), material beech_seed (Instance), texture (Wood 26) tree bark seamless texture 2048x2048, using texture_(Wood 26) tree bark seamless texture 2048x2048_MainTex.png for _MainTex.
loading cached texture for texture_(Wood 26) tree bark seamless texture 2048x2048_MainTex
object BeechSeeds, MeshRenderer Sphere (7), material beech_seed (Instance), texture (Wood 26) tree bark seamless texture 2048x2048, using texture_(Wood 26) tree bark seamless texture 2048x2048_MainTex.png for _MainTex.
loading cached texture for texture_(Wood 26) tree bark seamless texture 2048x2048_MainTex
object BombOoze, MeshRenderer bomb, material oozebomb (Instance), texture (Wood 26) tree bark seamless texture 2048x2048_NRM, using texture_(Wood 26) tree bark seamless texture 2048x2048_NRM_BumpMap.png for _BumpMap.
loading custom texture for texture_(Wood 26) tree bark seamless texture 2048x2048_NRM_BumpMap 0 layers
loading custom texture file for texture_(Wood 26) tree bark seamless texture 2048x2048_NRM_BumpMap
object CapeDeerHide, MeshRenderer log, material CapeDeerHide (Instance), texture (Wood 26) tree bark seamless texture 2048x2048, using texture_(Wood 26) tree bark seamless texture 2048x2048_MainTex.png for _MainTex.
loading cached texture for texture_(Wood 26) tree bark seamless texture 2048x2048_MainTex
object CapeDeerHide, MeshRenderer log, material CapeDeerHide (Instance), texture (Wood 26) tree bark seamless texture 2048x2048_NRM, using texture_(Wood 26) tree bark seamless texture 2048x2048_NRM_BumpMap.png for _BumpMap.
loading cached texture for texture_(Wood 26) tree bark seamless texture 2048x2048_NRM_BumpMap
object CapeDeerHide, SkinnedMeshRenderer cape2, material CapeDeerHide (Instance), texture (Wood 26) tree bark seamless texture 2048x2048, using texture_(Wood 26) tree bark seamless texture 2048x2048_MainTex.png for _MainTex.
loading cached texture for texture_(Wood 26) tree bark seamless texture 2048x2048_MainTex
object CapeDeerHide, SkinnedMeshRenderer cape2, material CapeDeerHide (Instance), texture (Wood 26) tree bark seamless texture 2048x2048_NRM, using texture_(Wood 26) tree bark seamless texture 2048x2048_NRM_BumpMap.png for _BumpMap.
loading cached texture for texture_(Wood 26) tree bark seamless texture 2048x2048_NRM_BumpMap
object CapeLinen, MeshRenderer log, material CapeLinen (Instance), texture (Wood 26) tree bark seamless texture 2048x2048_NRM, using texture_(Wood 26) tree bark seamless texture 2048x2048_NRM_BumpMap.png for _BumpMap.
loading cached texture for texture_(Wood 26) tree bark seamless texture 2048x2048_NRM_BumpMap
object CapeLinen, SkinnedMeshRenderer cape1, material CapeLinen (Instance), texture (Wood 26) tree bark seamless texture 2048x2048_NRM, using texture_(Wood 26) tree bark seamless texture 2048x2048_NRM_BumpMap.png for _BumpMap.
loading cached texture for texture_(Wood 26) tree bark seamless texture 2048x2048_NRM_BumpMap
object CapeTest, SkinnedMeshRenderer cape1, material CapeLinen (Instance), texture (Wood 26) tree bark seamless texture 2048x2048_NRM, using texture_(Wood 26) tree bark seamless texture 2048x2048_NRM_BumpMap.png for _BumpMap.
loading cached texture for texture_(Wood 26) tree bark seamless texture 2048x2048_NRM_BumpMap
object CapeTrollHide, MeshRenderer log, material CapeTrollHide (Instance), texture troll_diffuse, using texture_troll_diffuse_MainTex.png for _MainTex.
loading custom texture for texture_troll_diffuse_MainTex 0 layers
loading custom texture file for texture_troll_diffuse_MainTex
object CapeTrollHide, MeshRenderer log, material CapeTrollHide (Instance), texture troll_n, using texture_troll_n_BumpMap.png for _BumpMap.
loading custom texture for texture_troll_n_BumpMap 0 layers
loading custom texture file for texture_troll_n_BumpMap
object CapeTrollHide, SkinnedMeshRenderer cape2, material CapeTrollHide (Instance), texture troll_diffuse, using texture_troll_diffuse_MainTex.png for _MainTex.
loading cached texture for texture_troll_diffuse_MainTex
object CapeTrollHide, SkinnedMeshRenderer cape2, material CapeTrollHide (Instance), texture troll_n, using texture_troll_n_BumpMap.png for _BumpMap.
loading cached texture for texture_troll_n_BumpMap
object CapeWolf, MeshRenderer log, material CapeWolfHide (Instance), texture (Wood 26) tree bark seamless texture 2048x2048, using texture_(Wood 26) tree bark seamless texture 2048x2048_MainTex.png for _MainTex.
loading cached texture for texture_(Wood 26) tree bark seamless texture 2048x2048_MainTex
object CapeWolf, MeshRenderer log, material CapeWolfHide (Instance), texture (Wood 26) tree bark seamless texture 2048x2048_NRM, using texture_(Wood 26) tree bark seamless texture 2048x2048_NRM_BumpMap.png for _BumpMap.
loading cached texture for texture_(Wood 26) tree bark seamless texture 2048x2048_NRM_BumpMap
object CarrotSeeds, MeshRenderer Sphere (5), material carrot_seed (Instance), texture (Wood 26) tree bark seamless texture 2048x2048, using texture_(Wood 26) tree bark seamless texture 2048x2048_MainTex.png for _MainTex.
loading cached texture for texture_(Wood 26) tree bark seamless texture 2048x2048_MainTex
object CarrotSeeds, MeshRenderer Sphere (6), material carrot_seed (Instance), texture (Wood 26) tree bark seamless texture 2048x2048, using texture_(Wood 26) tree bark seamless texture 2048x2048_MainTex.png for _MainTex.
loading cached texture for texture_(Wood 26) tree bark seamless texture 2048x2048_MainTex
object CarrotSeeds, MeshRenderer Sphere (7), material carrot_seed (Instance), texture (Wood 26) tree bark seamless texture 2048x2048, using texture_(Wood 26) tree bark seamless texture 2048x2048_MainTex.png for _MainTex.
loading cached texture for texture_(Wood 26) tree bark seamless texture 2048x2048_MainTex
object CarrotSeeds, MeshRenderer Sphere (8), material carrot_seed (Instance), texture (Wood 26) tree bark seamless texture 2048x2048, using texture_(Wood 26) tree bark seamless texture 2048x2048_MainTex.png for _MainTex.
loading cached texture for texture_(Wood 26) tree bark seamless texture 2048x2048_MainTex
object CarrotSeeds, MeshRenderer Sphere (9), material carrot_seed (Instance), texture (Wood 26) tree bark seamless texture 2048x2048, using texture_(Wood 26) tree bark seamless texture 2048x2048_MainTex.png for _MainTex.
loading cached texture for texture_(Wood 26) tree bark seamless texture 2048x2048_MainTex
object CarrotSeeds, MeshRenderer Sphere (14), material carrot_seed (Instance), texture (Wood 26) tree bark seamless texture 2048x2048, using texture_(Wood 26) tree bark seamless texture 2048x2048_MainTex.png for _MainTex.
loading cached texture for texture_(Wood 26) tree bark seamless texture 2048x2048_MainTex
object Chain, MeshRenderer model, material wraith (Instance), texture wraith_d, using texture_wraith_d_MainTex.png for _MainTex.
loading custom texture for texture_wraith_d_MainTex 0 layers
loading custom texture file for texture_wraith_d_MainTex
object Chain, MeshRenderer model, material wraith (Instance), texture wraith_n, using texture_wraith_n_BumpMap.png for _BumpMap.
loading custom texture for texture_wraith_n_BumpMap 0 layers
loading custom texture file for texture_wraith_n_BumpMap
object CookedMeat, MeshRenderer meat, material Meat_Cooked (Instance), texture (Wood 26) tree bark seamless texture 2048x2048, using texture_(Wood 26) tree bark seamless texture 2048x2048_MainTex.png for _MainTex.
loading cached texture for texture_(Wood 26) tree bark seamless texture 2048x2048_MainTex
object DragonTear, ParticleSystemRenderer smoke_expl, material wraith_smoke (Instance), texture wildfire06, using texture_wildfire06_MainTex.png for _MainTex.
loading custom texture for texture_wildfire06_MainTex 0 layers
loading custom texture file for texture_wildfire06_MainTex
object FreezeGland, ParticleSystemRenderer soft cloud, material frost (Instance), texture wildfire01, using texture_wildfire01_MainTex.png for _MainTex.
loading cached texture for texture_wildfire01_MainTex
object GoblinArmband, SkinnedMeshRenderer attach_skin, material goblin_armor (Instance), texture goblin_armor_d, using texture_goblin_armor_d_MainTex.png for _MainTex.
loading custom texture for texture_goblin_armor_d_MainTex 0 layers
loading custom texture file for texture_goblin_armor_d_MainTex
object GoblinArmband, SkinnedMeshRenderer attach_skin, material goblin_armor (Instance), texture goblin_armor_n, using texture_goblin_armor_n_BumpMap.png for _BumpMap.
loading custom texture for texture_goblin_armor_n_BumpMap 0 layers
loading custom texture file for texture_goblin_armor_n_BumpMap
object GoblinHelmet, SkinnedMeshRenderer attach_skin, material goblin_armor (Instance), texture goblin_armor_d, using texture_goblin_armor_d_MainTex.png for _MainTex.
loading cached texture for texture_goblin_armor_d_MainTex
object GoblinHelmet, SkinnedMeshRenderer attach_skin, material goblin_armor (Instance), texture goblin_armor_n, using texture_goblin_armor_n_BumpMap.png for _BumpMap.
loading cached texture for texture_goblin_armor_n_BumpMap
object GoblinLegband, SkinnedMeshRenderer attach_skin, material goblin_armor (Instance), texture goblin_armor_d, using texture_goblin_armor_d_MainTex.png for _MainTex.
loading cached texture for texture_goblin_armor_d_MainTex
object GoblinLegband, SkinnedMeshRenderer attach_skin, material goblin_armor (Instance), texture goblin_armor_n, using texture_goblin_armor_n_BumpMap.png for _BumpMap.
loading cached texture for texture_goblin_armor_n_BumpMap
object GoblinLoin, SkinnedMeshRenderer attach_skin, material goblin_armor (Instance), texture goblin_armor_d, using texture_goblin_armor_d_MainTex.png for _MainTex.
loading cached texture for texture_goblin_armor_d_MainTex
object GoblinLoin, SkinnedMeshRenderer attach_skin, material goblin_armor (Instance), texture goblin_armor_n, using texture_goblin_armor_n_BumpMap.png for _BumpMap.
loading cached texture for texture_goblin_armor_n_BumpMap
object GoblinShaman_Headdress_antlers, SkinnedMeshRenderer HeadDress2.001, material GoblinStuff_mat (Instance), texture GoblinStuff_d, using texture_GoblinStuff_d_MainTex.png for _MainTex.
loading custom texture for texture_GoblinStuff_d_MainTex 0 layers
loading custom texture file for texture_GoblinStuff_d_MainTex
object GoblinShaman_Headdress_antlers, SkinnedMeshRenderer HeadDress2.001, material GoblinStuff_mat (Instance), texture GoblinStuff_n, using texture_GoblinStuff_n_BumpMap.png for _BumpMap.
loading custom texture for texture_GoblinStuff_n_BumpMap 0 layers
loading custom texture file for texture_GoblinStuff_n_BumpMap
object GoblinShaman_Headdress_feathers, SkinnedMeshRenderer Headdress1, material GoblinStuff_mat (Instance), texture GoblinStuff_d, using texture_GoblinStuff_d_MainTex.png for _MainTex.
loading cached texture for texture_GoblinStuff_d_MainTex
object GoblinShaman_Headdress_feathers, SkinnedMeshRenderer Headdress1, material GoblinStuff_mat (Instance), texture GoblinStuff_n, using texture_GoblinStuff_n_BumpMap.png for _BumpMap.
loading cached texture for texture_GoblinStuff_n_BumpMap
object GoblinShaman_Staff_Bones, MeshRenderer default, material GoblinStuff_mat (Instance), texture GoblinStuff_d, using texture_GoblinStuff_d_MainTex.png for _MainTex.
loading cached texture for texture_GoblinStuff_d_MainTex
object GoblinShaman_Staff_Bones, MeshRenderer default, material GoblinStuff_mat (Instance), texture GoblinStuff_n, using texture_GoblinStuff_n_BumpMap.png for _BumpMap.
loading cached texture for texture_GoblinStuff_n_BumpMap
object GoblinShaman_Staff_Feathers, MeshRenderer default, material GoblinStuff_mat (Instance), texture GoblinStuff_d, using texture_GoblinStuff_d_MainTex.png for _MainTex.
loading cached texture for texture_GoblinStuff_d_MainTex
object GoblinShaman_Staff_Feathers, MeshRenderer default, material GoblinStuff_mat (Instance), texture GoblinStuff_n, using texture_GoblinStuff_n_BumpMap.png for _BumpMap.
loading cached texture for texture_GoblinStuff_n_BumpMap
object GoblinShoulders, SkinnedMeshRenderer attach_skin, material goblin_armor (Instance), texture goblin_armor_d, using texture_goblin_armor_d_MainTex.png for _MainTex.
loading cached texture for texture_goblin_armor_d_MainTex
object GoblinShoulders, SkinnedMeshRenderer attach_skin, material goblin_armor (Instance), texture goblin_armor_n, using texture_goblin_armor_n_BumpMap.png for _BumpMap.
loading cached texture for texture_goblin_armor_n_BumpMap
object GoblinTorch, ParticleSystemRenderer flames, material flame (Instance), texture leaf_low, using objecttexture_GoblinTorch_leaf_low_MainTex.png for _MainTex.
loading custom texture for objecttexture_GoblinTorch_leaf_low_MainTex 0 layers
loading custom texture file for objecttexture_GoblinTorch_leaf_low_MainTex
object GoblinTorch, ParticleSystemRenderer flames_local, material flame (Instance), texture leaf_low, using objecttexture_GoblinTorch_leaf_low_MainTex.png for _MainTex.
loading cached texture for objecttexture_GoblinTorch_leaf_low_MainTex
object GreydwarfEye, MeshRenderer model (1), material greydwarfeye_outermat (Instance), texture (Wood 26) tree bark seamless texture 2048x2048, using texture_(Wood 26) tree bark seamless texture 2048x2048_MainTex.png for _MainTex.
loading cached texture for texture_(Wood 26) tree bark seamless texture 2048x2048_MainTex
object GreydwarfEye, MeshRenderer model (1), material greydwarfeye_outermat (Instance), texture (Wood 26) tree bark seamless texture 2048x2048_NRM, using texture_(Wood 26) tree bark seamless texture 2048x2048_NRM_BumpMap.png for _BumpMap.
loading cached texture for texture_(Wood 26) tree bark seamless texture 2048x2048_NRM_BumpMap
object MaceSilver, ParticleSystemRenderer soft cloud, material frost (Instance), texture wildfire01, using texture_wildfire01_MainTex.png for _MainTex.
loading cached texture for texture_wildfire01_MainTex
object Mushroom, MeshRenderer attach, material Boletus_edulis (Instance), texture Boletus_edulis_d, using texture_Boletus_edulis_d_MainTex.png for _MainTex.
loading custom texture for texture_Boletus_edulis_d_MainTex 0 layers
loading custom texture file for texture_Boletus_edulis_d_MainTex
object Mushroom, MeshRenderer attach, material Boletus_edulis (Instance), texture Boletus_edulis_n, using texture_Boletus_edulis_n_BumpMap.png for _BumpMap.
loading custom texture for texture_Boletus_edulis_n_BumpMap 0 layers
loading custom texture file for texture_Boletus_edulis_n_BumpMap
object MushroomBlue, MeshRenderer Boletus_edulis01, material Boletus_blue (Instance), texture Boletus_edulis_n, using texture_Boletus_edulis_n_BumpMap.png for _BumpMap.
loading cached texture for texture_Boletus_edulis_n_BumpMap
object MushroomYellow, MeshRenderer Boletus_edulis01, material Boletus_Yellow (Instance), texture Boletus_edulis_n, using texture_Boletus_edulis_n_BumpMap.png for _BumpMap.
loading cached texture for texture_Boletus_edulis_n_BumpMap
object NeckTail, MeshRenderer mesh, material neck (Instance), texture neck_d, using texture_neck_d_MainTex.png for _MainTex.
loading custom texture for texture_neck_d_MainTex 0 layers
loading custom texture file for texture_neck_d_MainTex
object NeckTail, MeshRenderer mesh, material neck (Instance), texture neck_n, using texture_neck_n_BumpMap.png for _BumpMap.
loading cached texture for texture_neck_n_BumpMap
object NeckTailGrilled, MeshRenderer meat, material Meat_Cooked (Instance), texture (Wood 26) tree bark seamless texture 2048x2048, using texture_(Wood 26) tree bark seamless texture 2048x2048_MainTex.png for _MainTex.
loading cached texture for texture_(Wood 26) tree bark seamless texture 2048x2048_MainTex
object Needle, MeshRenderer mesh, material deathsquito_needle (Instance), texture neck_n, using texture_neck_n_BumpMap.png for _BumpMap.
loading cached texture for texture_neck_n_BumpMap
object skeleton_mace, ParticleSystemRenderer Particle System, material flame_large (Instance), texture wildfire06, using texture_wildfire06_MainTex.png for _MainTex.
loading cached texture for texture_wildfire06_MainTex
object skeleton_mace, ParticleSystemRenderer Particle System (1), material mace_core (Instance), texture wildfire06, using texture_wildfire06_MainTex.png for _MainTex.
loading cached texture for texture_wildfire06_MainTex
object StoneGolem_clubs, SkinnedMeshRenderer Cube.002, material MountainGolem_ExtraParts_Mat (Instance), texture GolemExtraparts_d, using texture_GolemExtraparts_d_MainTex.png for _MainTex.
loading custom texture for texture_GolemExtraparts_d_MainTex 0 layers
loading custom texture file for texture_GolemExtraparts_d_MainTex
object StoneGolem_clubs, SkinnedMeshRenderer Cube.002, material MountainGolem_ExtraParts_Mat (Instance), texture GolemExtraparts_n, using texture_GolemExtraparts_n_BumpMap.png for _BumpMap.
loading custom texture for texture_GolemExtraparts_n_BumpMap 0 layers
loading custom texture file for texture_GolemExtraparts_n_BumpMap
object StoneGolem_hat, SkinnedMeshRenderer Cube.000, material MountainGolem_ExtraParts_Mat (Instance), texture GolemExtraparts_d, using texture_GolemExtraparts_d_MainTex.png for _MainTex.
loading cached texture for texture_GolemExtraparts_d_MainTex
object StoneGolem_hat, SkinnedMeshRenderer Cube.000, material MountainGolem_ExtraParts_Mat (Instance), texture GolemExtraparts_n, using texture_GolemExtraparts_n_BumpMap.png for _BumpMap.
loading cached texture for texture_GolemExtraparts_n_BumpMap
object StoneGolem_spikes, SkinnedMeshRenderer Cube.003, material MountainGolem_mat (Instance), texture Golem_d, using texture_Golem_d_MainTex.png for _MainTex.
loading custom texture for texture_Golem_d_MainTex 0 layers
loading custom texture file for texture_Golem_d_MainTex
object StoneGolem_spikes, SkinnedMeshRenderer Cube.003, material MountainGolem_mat (Instance), texture Golem_n, using texture_Golem_n_BumpMap.png for _BumpMap.
loading custom texture for texture_Golem_n_BumpMap 0 layers
loading custom texture file for texture_Golem_n_BumpMap
object SwordCheat, ParticleSystemRenderer Particle System, material flame (Instance), texture leaf_low, using objecttexture_SwordCheat_leaf_low_MainTex.png for _MainTex.
loading custom texture for objecttexture_SwordCheat_leaf_low_MainTex 0 layers
loading custom texture file for objecttexture_SwordCheat_leaf_low_MainTex
object SwordIronFire, ParticleSystemRenderer flames (1), material flame (Instance), texture leaf_low, using objecttexture_SwordIronFire_leaf_low_MainTex.png for _MainTex.
loading custom texture for objecttexture_SwordIronFire_leaf_low_MainTex 0 layers
loading custom texture file for objecttexture_SwordIronFire_leaf_low_MainTex
object SwordIronFire, ParticleSystemRenderer flames_local, material flame (Instance), texture leaf_low, using objecttexture_SwordIronFire_leaf_low_MainTex.png for _MainTex.
loading cached texture for objecttexture_SwordIronFire_leaf_low_MainTex
object SwordIronFire, ParticleSystemRenderer flames, material flame (Instance), texture leaf_low, using objecttexture_SwordIronFire_leaf_low_MainTex.png for _MainTex.
loading cached texture for objecttexture_SwordIronFire_leaf_low_MainTex
object Torch, ParticleSystemRenderer flames, material flame (Instance), texture leaf_low, using objecttexture_Torch_leaf_low_MainTex.png for _MainTex.
loading custom texture for objecttexture_Torch_leaf_low_MainTex 0 layers
loading custom texture file for objecttexture_Torch_leaf_low_MainTex
object Torch, ParticleSystemRenderer flames_local, material flame (Instance), texture leaf_low, using objecttexture_Torch_leaf_low_MainTex.png for _MainTex.
loading cached texture for objecttexture_Torch_leaf_low_MainTex
object troll_log_swing_h, MeshRenderer log, material Firetree_log (Instance), texture Pine_tree_log_texture, using texture_Pine_tree_log_texture_MainTex.png for _MainTex.
loading custom texture for texture_Pine_tree_log_texture_MainTex 0 layers
loading custom texture file for texture_Pine_tree_log_texture_MainTex
object troll_log_swing_h, MeshRenderer log, material Firetree_log (Instance), texture Pine_tree_log_texture_n, using texture_Pine_tree_log_texture_n_BumpMap.png for _BumpMap.
loading custom texture for texture_Pine_tree_log_texture_n_BumpMap 0 layers
loading custom texture file for texture_Pine_tree_log_texture_n_BumpMap
object troll_log_swing_v, MeshRenderer log, material Firetree_log (Instance), texture Pine_tree_log_texture, using texture_Pine_tree_log_texture_MainTex.png for _MainTex.
loading cached texture for texture_Pine_tree_log_texture_MainTex
object troll_log_swing_v, MeshRenderer log, material Firetree_log (Instance), texture Pine_tree_log_texture_n, using texture_Pine_tree_log_texture_n_BumpMap.png for _BumpMap.
loading cached texture for texture_Pine_tree_log_texture_n_BumpMap
object TrophyBoar, MeshRenderer model, material Boar Skin Valheim (Instance), texture Boar_valheim_d, using texture_Boar_valheim_d_MainTex.png for _MainTex.
loading custom texture for texture_Boar_valheim_d_MainTex 0 layers
loading custom texture file for texture_Boar_valheim_d_MainTex
object TrophyBoar, MeshRenderer model, material Boar Skin Valheim (Instance), texture Boar_valheim_n, using texture_Boar_valheim_n_BumpMap.png for _BumpMap.
loading custom texture for texture_Boar_valheim_n_BumpMap 0 layers
loading custom texture file for texture_Boar_valheim_n_BumpMap
object TrophyDeathsquito, MeshRenderer default, material Deathsquito_mat (Instance), texture Deathsquito_d, using texture_Deathsquito_d_MainTex.png for _MainTex.
loading custom texture for texture_Deathsquito_d_MainTex 0 layers
loading custom texture file for texture_Deathsquito_d_MainTex
object TrophyDeathsquito, MeshRenderer default, material Deathsquito_mat (Instance), texture Deathsquito_n, using texture_Deathsquito_n_BumpMap.png for _BumpMap.
loading custom texture for texture_Deathsquito_n_BumpMap 0 layers
loading custom texture file for texture_Deathsquito_n_BumpMap
object TrophyDeer, MeshRenderer model, material Deer 2 (Instance), texture Deer Pixel, using texture_Deer Pixel_MainTex.png for _MainTex.
loading custom texture for texture_Deer Pixel_MainTex 0 layers
loading custom texture file for texture_Deer Pixel_MainTex
object TrophyDragonQueen, MeshRenderer default, material DragonQueen_mat (Instance), texture DragonQueen_d, using texture_DragonQueen_d_MainTex.png for _MainTex.
loading custom texture for texture_DragonQueen_d_MainTex 0 layers
loading custom texture file for texture_DragonQueen_d_MainTex
object TrophyDragonQueen, MeshRenderer default, material DragonQueen_mat (Instance), texture DragonQueen_n, using texture_DragonQueen_n_BumpMap.png for _BumpMap.
loading custom texture for texture_DragonQueen_n_BumpMap 0 layers
loading custom texture file for texture_DragonQueen_n_BumpMap
object TrophyDraugr, MeshRenderer default, material Draugr_mat (Instance), texture Draugr_d, using texture_Draugr_d_MainTex.png for _MainTex.
loading custom texture for texture_Draugr_d_MainTex 0 layers
loading custom texture file for texture_Draugr_d_MainTex
object TrophyDraugr, MeshRenderer default, material Draugr_mat (Instance), texture Draugr_n, using texture_Draugr_n_BumpMap.png for _BumpMap.
loading custom texture for texture_Draugr_n_BumpMap 0 layers
loading custom texture file for texture_Draugr_n_BumpMap
object TrophyDraugrElite, MeshRenderer default, material Draugr_elite_mat (Instance), texture Draugr_d, using texture_Draugr_d_MainTex.png for _MainTex.
loading cached texture for texture_Draugr_d_MainTex
object TrophyDraugrElite, MeshRenderer default, material Draugr_elite_mat (Instance), texture Draugr_n, using texture_Draugr_n_BumpMap.png for _BumpMap.
loading cached texture for texture_Draugr_n_BumpMap
object TrophyDraugrFem, MeshRenderer default, material Draugr_Archer_mat (Instance), texture Draugr_n, using texture_Draugr_n_BumpMap.png for _BumpMap.
loading cached texture for texture_Draugr_n_BumpMap
object TrophyEikthyr, MeshRenderer model, material NewEikthyr_mat (Instance), texture NewEikthyr_d, using texture_NewEikthyr_d_MainTex.png for _MainTex.
loading custom texture for texture_NewEikthyr_d_MainTex 0 layers
loading custom texture file for texture_NewEikthyr_d_MainTex
object TrophyFenring, MeshRenderer Fenring_Trophy, material fenring (Instance), texture Fenring_d, using texture_Fenring_d_MainTex.png for _MainTex.
loading custom texture for texture_Fenring_d_MainTex 0 layers
loading custom texture file for texture_Fenring_d_MainTex
object TrophyFenring, MeshRenderer Fenring_Trophy, material fenring (Instance), texture Fenring_n, using texture_Fenring_n_BumpMap.png for _BumpMap.
loading custom texture for texture_Fenring_n_BumpMap 0 layers
loading custom texture file for texture_Fenring_n_BumpMap
object TrophyFrostTroll, MeshRenderer head, material troll (Instance), texture troll_diffuse, using texture_troll_diffuse_MainTex.png for _MainTex.
loading cached texture for texture_troll_diffuse_MainTex
object TrophyFrostTroll, MeshRenderer head, material troll (Instance), texture troll_n, using texture_troll_n_BumpMap.png for _BumpMap.
loading cached texture for texture_troll_n_BumpMap
object TrophyFrostTroll, MeshRenderer head, material troll (Instance), texture troll_diffuse, using texture_troll_diffuse_MainTex.png for _MainTex.
loading cached texture for texture_troll_diffuse_MainTex
object TrophyFrostTroll, MeshRenderer head, material troll (Instance), texture troll_n, using texture_troll_n_BumpMap.png for _BumpMap.
loading cached texture for texture_troll_n_BumpMap
object TrophyGoblin, MeshRenderer default, material goblin (Instance), texture goblin_d, using texture_goblin_d_MainTex.png for _MainTex.
loading custom texture for texture_goblin_d_MainTex 0 layers
loading custom texture file for texture_goblin_d_MainTex
object TrophyGoblin, MeshRenderer default, material goblin (Instance), texture goblin_n, using texture_goblin_n_BumpMap.png for _BumpMap.
loading custom texture for texture_goblin_n_BumpMap 0 layers
loading custom texture file for texture_goblin_n_BumpMap
object TrophyGoblinBrute, MeshRenderer default, material GoblinBrute_mat (Instance), texture GoblinBrute_d, using texture_GoblinBrute_d_MainTex.png for _MainTex.
loading custom texture for texture_GoblinBrute_d_MainTex 0 layers
loading custom texture file for texture_GoblinBrute_d_MainTex
object TrophyGoblinBrute, MeshRenderer default, material GoblinBrute_mat (Instance), texture GoblinBrute_n, using texture_GoblinBrute_n_BumpMap.png for _BumpMap.
loading custom texture for texture_GoblinBrute_n_BumpMap 0 layers
loading custom texture file for texture_GoblinBrute_n_BumpMap
object TrophyGoblinKing, MeshRenderer default, material GoblinKing_mat (Instance), texture GoblinKing_d, using texture_GoblinKing_d_MainTex.png for _MainTex.
loading custom texture for texture_GoblinKing_d_MainTex 0 layers
loading custom texture file for texture_GoblinKing_d_MainTex
object TrophyGoblinKing, MeshRenderer default, material GoblinKing_mat (Instance), texture GoblinKing_n, using texture_GoblinKing_n_BumpMap.png for _BumpMap.
loading custom texture for texture_GoblinKing_n_BumpMap 0 layers
loading custom texture file for texture_GoblinKing_n_BumpMap
object TrophyGoblinShaman, MeshRenderer default, material GoblinStuff_mat (Instance), texture GoblinStuff_d, using texture_GoblinStuff_d_MainTex.png for _MainTex.
loading cached texture for texture_GoblinStuff_d_MainTex
object TrophyGoblinShaman, MeshRenderer default, material GoblinStuff_mat (Instance), texture GoblinStuff_n, using texture_GoblinStuff_n_BumpMap.png for _BumpMap.
loading cached texture for texture_GoblinStuff_n_BumpMap
object TrophyGreydwarf, MeshRenderer model, material greydwarf (Instance), texture greydrawrf_diffuse, using texture_greydrawrf_diffuse_MainTex.png for _MainTex.
loading custom texture for texture_greydrawrf_diffuse_MainTex 0 layers
loading custom texture file for texture_greydrawrf_diffuse_MainTex
object TrophyGreydwarf, MeshRenderer model, material greydwarf (Instance), texture greydrawrf_diffuse_nrm, using texture_greydrawrf_diffuse_nrm_BumpMap.png for _BumpMap.
loading custom texture for texture_greydrawrf_diffuse_nrm_BumpMap 0 layers
loading custom texture file for texture_greydrawrf_diffuse_nrm_BumpMap
object TrophyGreydwarfBrute, MeshRenderer model, material greydwarf (Instance), texture greydrawrf_diffuse, using texture_greydrawrf_diffuse_MainTex.png for _MainTex.
loading cached texture for texture_greydrawrf_diffuse_MainTex
object TrophyGreydwarfBrute, MeshRenderer model, material greydwarf (Instance), texture greydrawrf_diffuse_nrm, using texture_greydrawrf_diffuse_nrm_BumpMap.png for _BumpMap.
loading cached texture for texture_greydrawrf_diffuse_nrm_BumpMap
object TrophyGreydwarfShaman, MeshRenderer model, material greydwarf_shaman (Instance), texture greydwarf_shaman_diffuse, using texture_greydwarf_shaman_diffuse_MainTex.png for _MainTex.
loading custom texture for texture_greydwarf_shaman_diffuse_MainTex 0 layers
loading custom texture file for texture_greydwarf_shaman_diffuse_MainTex
object TrophyGreydwarfShaman, MeshRenderer model, material greydwarf_shaman (Instance), texture greydwarf_shaman_n, using texture_greydwarf_shaman_n_BumpMap.png for _BumpMap.
loading custom texture for texture_greydwarf_shaman_n_BumpMap 0 layers
loading custom texture file for texture_greydwarf_shaman_n_BumpMap
object TrophyHatchling, MeshRenderer model, material Hatchling_mountain_mat (Instance), texture Hatchling_D, using texture_Hatchling_D_MainTex.png for _MainTex.
loading custom texture for texture_Hatchling_D_MainTex 0 layers
loading custom texture file for texture_Hatchling_D_MainTex
object TrophyHatchling, MeshRenderer model, material Hatchling_mountain_mat (Instance), texture Hatchling_n, using texture_Hatchling_n_BumpMap.png for _BumpMap.
loading custom texture for texture_Hatchling_n_BumpMap 0 layers
loading custom texture file for texture_Hatchling_n_BumpMap
object TrophyLeech, MeshRenderer default, material swampfish (Instance), texture swampfish_d, using texture_swampfish_d_MainTex.png for _MainTex.
loading custom texture for texture_swampfish_d_MainTex 0 layers
loading custom texture file for texture_swampfish_d_MainTex
object TrophyLeech, MeshRenderer default, material swampfish (Instance), texture swampfish_n, using texture_swampfish_n_BumpMap.png for _BumpMap.
loading custom texture for texture_swampfish_n_BumpMap 0 layers
loading custom texture file for texture_swampfish_n_BumpMap
object TrophyLox, MeshRenderer model, material Halstein_M (Instance), texture Halstein_d, using texture_Halstein_d_MainTex.png for _MainTex.
loading custom texture for texture_Halstein_d_MainTex 0 layers
loading custom texture file for texture_Halstein_d_MainTex
object TrophyLox, MeshRenderer model, material Halstein_M (Instance), texture Halstein_n, using texture_Halstein_n_BumpMap.png for _BumpMap.
loading custom texture for texture_Halstein_n_BumpMap 0 layers
loading custom texture file for texture_Halstein_n_BumpMap
object TrophyNeck, MeshRenderer trophy, material neck (Instance), texture neck_d, using texture_neck_d_MainTex.png for _MainTex.
loading cached texture for texture_neck_d_MainTex
object TrophyNeck, MeshRenderer trophy, material neck (Instance), texture neck_n, using texture_neck_n_BumpMap.png for _BumpMap.
loading cached texture for texture_neck_n_BumpMap
object TrophySerpent, MeshRenderer head, material SeaSerpent_mat (Instance), texture SeaSerpent_d, using texture_SeaSerpent_d_MainTex.png for _MainTex.
loading custom texture for texture_SeaSerpent_d_MainTex 0 layers
loading custom texture file for texture_SeaSerpent_d_MainTex
object TrophySerpent, MeshRenderer head, material SeaSerpent_mat (Instance), texture SeaSerpent_n, using texture_SeaSerpent_n_BumpMap.png for _BumpMap.
loading custom texture for texture_SeaSerpent_n_BumpMap 0 layers
loading custom texture file for texture_SeaSerpent_n_BumpMap
object TrophySGolem, ParticleSystemRenderer dust, material dust (Instance), texture wildfire01, using texture_wildfire01_MainTex.png for _MainTex.
loading cached texture for texture_wildfire01_MainTex
object TrophySkeleton, MeshRenderer model, material Skeleton (Instance), texture Skeleton_d, using texture_Skeleton_d_MainTex.png for _MainTex.
loading custom texture for texture_Skeleton_d_MainTex 0 layers
loading custom texture file for texture_Skeleton_d_MainTex
object TrophySkeleton, MeshRenderer model, material Skeleton (Instance), texture Skeleton_n, using texture_Skeleton_n_BumpMap.png for _BumpMap.
loading custom texture for texture_Skeleton_n_BumpMap 0 layers
loading custom texture file for texture_Skeleton_n_BumpMap
object TrophySkeletonPoison, MeshRenderer model, material SkeletonBig (Instance), texture Skeleton_d, using texture_Skeleton_d_MainTex.png for _MainTex.
loading cached texture for texture_Skeleton_d_MainTex
object TrophySkeletonPoison, MeshRenderer model, material SkeletonBig (Instance), texture Skeleton_n, using texture_Skeleton_n_BumpMap.png for _BumpMap.
loading cached texture for texture_Skeleton_n_BumpMap
object TrophySurtling, ParticleSystemRenderer flames, material flame (Instance), texture leaf_low, using objecttexture_TrophySurtling_leaf_low_MainTex.png for _MainTex.
loading custom texture for objecttexture_TrophySurtling_leaf_low_MainTex 0 layers
loading custom texture file for objecttexture_TrophySurtling_leaf_low_MainTex
object TrophyWolf, MeshRenderer model, material Wolf Skin Grey (Instance), texture Wolf Pixel, using texture_Wolf Pixel_MainTex.png for _MainTex.
loading custom texture for texture_Wolf Pixel_MainTex 0 layers
loading custom texture file for texture_Wolf Pixel_MainTex
object TrophyWraith, MeshRenderer model, material wraith (Instance), texture wraith_d, using texture_wraith_d_MainTex.png for _MainTex.
loading cached texture for texture_wraith_d_MainTex
object TrophyWraith, MeshRenderer model, material wraith (Instance), texture wraith_n, using texture_wraith_n_BumpMap.png for _BumpMap.
loading cached texture for texture_wraith_n_BumpMap
object TrophyWraith, MeshRenderer model (1), material wraith (Instance), texture wraith_d, using texture_wraith_d_MainTex.png for _MainTex.
loading cached texture for texture_wraith_d_MainTex
object TrophyWraith, MeshRenderer model (1), material wraith (Instance), texture wraith_n, using texture_wraith_n_BumpMap.png for _BumpMap.
loading cached texture for texture_wraith_n_BumpMap
object Turnip, MeshRenderer blast, material Turnip (Instance), texture Stump_tip_n, using texture_Stump_tip_n_BumpMap.png for _BumpMap.
loading custom texture for texture_Stump_tip_n_BumpMap 0 layers
loading custom texture file for texture_Stump_tip_n_BumpMap
object TurnipSeeds, MeshRenderer Sphere (5), material turnip_seed (Instance), texture (Wood 26) tree bark seamless texture 2048x2048, using texture_(Wood 26) tree bark seamless texture 2048x2048_MainTex.png for _MainTex.
loading cached texture for texture_(Wood 26) tree bark seamless texture 2048x2048_MainTex
object TurnipSeeds, MeshRenderer Sphere (6), material turnip_seed (Instance), texture (Wood 26) tree bark seamless texture 2048x2048, using texture_(Wood 26) tree bark seamless texture 2048x2048_MainTex.png for _MainTex.
loading cached texture for texture_(Wood 26) tree bark seamless texture 2048x2048_MainTex
object TurnipSeeds, MeshRenderer Sphere (7), material turnip_seed (Instance), texture (Wood 26) tree bark seamless texture 2048x2048, using texture_(Wood 26) tree bark seamless texture 2048x2048_MainTex.png for _MainTex.
loading cached texture for texture_(Wood 26) tree bark seamless texture 2048x2048_MainTex
object TurnipSeeds, MeshRenderer Sphere (8), material turnip_seed (Instance), texture (Wood 26) tree bark seamless texture 2048x2048, using texture_(Wood 26) tree bark seamless texture 2048x2048_MainTex.png for _MainTex.
loading cached texture for texture_(Wood 26) tree bark seamless texture 2048x2048_MainTex
object TurnipSeeds, MeshRenderer Sphere (9), material turnip_seed (Instance), texture (Wood 26) tree bark seamless texture 2048x2048, using texture_(Wood 26) tree bark seamless texture 2048x2048_MainTex.png for _MainTex.
loading cached texture for texture_(Wood 26) tree bark seamless texture 2048x2048_MainTex
object TurnipSeeds, MeshRenderer Sphere (14), material turnip_seed (Instance), texture (Wood 26) tree bark seamless texture 2048x2048, using texture_(Wood 26) tree bark seamless texture 2048x2048_MainTex.png for _MainTex.
loading cached texture for texture_(Wood 26) tree bark seamless texture 2048x2048_MainTex
object NewGoblinShamanStaffBones, MeshRenderer default, material GoblinStuff_mat (Instance), texture GoblinStuff_d, using texture_GoblinStuff_d_MainTex.png for _MainTex.
loading cached texture for texture_GoblinStuff_d_MainTex
object NewGoblinShamanStaffBones, MeshRenderer default, material GoblinStuff_mat (Instance), texture GoblinStuff_n, using texture_GoblinStuff_n_BumpMap.png for _BumpMap.
loading cached texture for texture_GoblinStuff_n_BumpMap
object NewGoblinShamanStaffFeathers, MeshRenderer default, material GoblinStuff_mat (Instance), texture GoblinStuff_d, using texture_GoblinStuff_d_MainTex.png for _MainTex.
loading cached texture for texture_GoblinStuff_d_MainTex
object NewGoblinShamanStaffFeathers, MeshRenderer default, material GoblinStuff_mat (Instance), texture GoblinStuff_n, using texture_GoblinStuff_n_BumpMap.png for _BumpMap.
loading cached texture for texture_GoblinStuff_n_BumpMap
[Info   : Unity Log] CustomTextures SetupObjectDB RunTime 00:00:05.32
[Info   : Unity Log] BVS: Yggdrasil game object not found
[Info   : Unity Log] BVS: sky cloud layer game object not found
[Info   : Unity Log] BVS: distant cloud layer game object not found
[Info   : Unity Log] id 0
[Info   : Unity Log] name 
[Info   : Unity Log] 07/01/2022 11:36:09: UI Group status changed Menu = True

[Info   : Unity Log] 07/01/2022 11:36:21: Steam manager on destroy

[Warning:  HarmonyX] UnpatchAll has been called with harmonyID=null - This will remove ALL HARMONY PATCHES. If you want to only unpatch patches created by this instance (harmony-auto-10aee8d2-8ac2-4ede-93c8-7654d7dd8586), use UnpatchSelf() instead.
[Warning:  HarmonyX] UnpatchAll has been called with harmonyID=null - This will remove ALL HARMONY PATCHES. If you want to only unpatch patches created by this instance (harmony-auto-0937c993-919a-4993-bc1b-1e58d24b7a99), use UnpatchSelf() instead.
